<?xml version="1.0"?>
<!DOCTYPE coverage SYSTEM "http://cobertura.sourceforge.net/xml/coverage-04.dtd">

<coverage line-rate="0.8907563025210085" branch-rate="0.5" lines-covered="106" lines-valid="119" branches-covered="5" branches-valid="10" complexity="1.1428571428571428" version="2.0.3" timestamp="1437291115385">
	<sources>
		<source>--source</source>
		<source>c:/Users/Omar/IdeaProjects/java-sandbox/src/main/java</source>
		<source>c:/Users/Omar/IdeaProjects/java-sandbox/target/generated-sources/annotations</source>
	</sources>
	<packages>
		<package name="cfa.vo" line-rate="0.725" branch-rate="0.0" complexity="1.105263157894737">
			<classes>
				<class name="cfa.vo.App" filename="cfa/vo/App.java" line-rate="0.9333333333333333" branch-rate="1.0" complexity="1.0">
					<methods>
						<method name="&lt;init&gt;" signature="()V" line-rate="1.0" branch-rate="1.0">
							<lines>
								<line number="18" hits="2" branch="false"/>
								<line number="20" hits="2" branch="false"/>
							</lines>
						</method>
						<method name="getAboutBox" signature="()Ljavax/swing/JDialog;" line-rate="1.0" branch-rate="1.0">
							<lines>
								<line number="49" hits="2" branch="false"/>
							</lines>
						</method>
						<method name="getComponents" signature="()Ljava/util/List;" line-rate="1.0" branch-rate="1.0">
							<lines>
								<line number="44" hits="4" branch="false"/>
							</lines>
						</method>
						<method name="getDescription" signature="()Ljava/lang/String;" line-rate="1.0" branch-rate="1.0">
							<lines>
								<line number="34" hits="2" branch="false"/>
							</lines>
						</method>
						<method name="getDesktopIcon" signature="()Ljava/net/URL;" line-rate="1.0" branch-rate="1.0">
							<lines>
								<line number="54" hits="2" branch="false"/>
							</lines>
						</method>
						<method name="getHelpURL" signature="()Ljava/net/URL;" line-rate="0.0" branch-rate="1.0">
							<lines>
								<line number="66" hits="0" branch="false"/>
							</lines>
						</method>
						<method name="getName" signature="()Ljava/lang/String;" line-rate="1.0" branch-rate="1.0">
							<lines>
								<line number="29" hits="8" branch="false"/>
							</lines>
						</method>
						<method name="getSAMPIcon" signature="()Ljava/net/URL;" line-rate="1.0" branch-rate="1.0">
							<lines>
								<line number="39" hits="2" branch="false"/>
							</lines>
						</method>
						<method name="main" signature="([Ljava/lang/String;)V" line-rate="1.0" branch-rate="1.0">
							<lines>
								<line number="24" hits="2" branch="false"/>
								<line number="25" hits="2" branch="false"/>
							</lines>
						</method>
						<method name="setProperties" signature="(Ljava/util/List;)V" line-rate="1.0" branch-rate="1.0">
							<lines>
								<line number="59" hits="2" branch="false"/>
								<line number="60" hits="2" branch="false"/>
								<line number="61" hits="2" branch="false"/>
								<line number="62" hits="2" branch="false"/>
							</lines>
						</method>
					</methods>
					<lines>
						<line number="18" hits="2" branch="false"/>
						<line number="20" hits="2" branch="false"/>
						<line number="24" hits="2" branch="false"/>
						<line number="25" hits="2" branch="false"/>
						<line number="29" hits="8" branch="false"/>
						<line number="34" hits="2" branch="false"/>
						<line number="39" hits="2" branch="false"/>
						<line number="44" hits="4" branch="false"/>
						<line number="49" hits="2" branch="false"/>
						<line number="54" hits="2" branch="false"/>
						<line number="59" hits="2" branch="false"/>
						<line number="60" hits="2" branch="false"/>
						<line number="61" hits="2" branch="false"/>
						<line number="62" hits="2" branch="false"/>
						<line number="66" hits="0" branch="false"/>
					</lines>
				</class>
				<class name="cfa.vo.GroovyConsoleComponent" filename="cfa/vo/GroovyConsoleComponent.java" line-rate="0.7142857142857143" branch-rate="0.0" complexity="1.2">
					<methods>
						<method name="&lt;init&gt;" signature="()V" line-rate="1.0" branch-rate="1.0">
							<lines>
								<line number="16" hits="2" branch="false"/>
								<line number="60" hits="2" branch="false"/>
							</lines>
						</method>
						<method name="access$100" signature="(Lcfa/vo/GroovyConsoleComponent;)Lcfa/vo/iris/sed/SedlibSedManager;" line-rate="1.0" branch-rate="1.0">
							<lines>
								<line number="14" hits="2" branch="false"/>
							</lines>
						</method>
						<method name="getCli" signature="()Lcfa/vo/iris/ICommandLineInterface;" line-rate="1.0" branch-rate="1.0">
							<lines>
								<line number="35" hits="2" branch="false"/>
							</lines>
						</method>
						<method name="getDescription" signature="()Ljava/lang/String;" line-rate="0.0" branch-rate="1.0">
							<lines>
								<line number="30" hits="0" branch="false"/>
							</lines>
						</method>
						<method name="getMenus" signature="()Ljava/util/List;" line-rate="1.0" branch-rate="1.0">
							<lines>
								<line number="45" hits="2" branch="false"/>
							</lines>
						</method>
						<method name="getName" signature="()Ljava/lang/String;" line-rate="1.0" branch-rate="1.0">
							<lines>
								<line number="25" hits="2" branch="false"/>
							</lines>
						</method>
						<method name="getSampHandlers" signature="()Ljava/util/List;" line-rate="1.0" branch-rate="1.0">
							<lines>
								<line number="50" hits="2" branch="false"/>
							</lines>
						</method>
						<method name="init" signature="(Lcfa/vo/iris/IrisApplication;Lcfa/vo/iris/IWorkspace;)V" line-rate="1.0" branch-rate="1.0">
							<lines>
								<line number="20" hits="2" branch="false"/>
								<line number="21" hits="2" branch="false"/>
							</lines>
						</method>
						<method name="initCli" signature="(Lcfa/vo/iris/IrisApplication;)V" line-rate="1.0" branch-rate="1.0">
							<lines>
								<line number="41" hits="2" branch="false"/>
							</lines>
						</method>
						<method name="shutdown" signature="()V" line-rate="0.0" branch-rate="0.0">
							<lines>
								<line number="55" hits="0" branch="true" condition-coverage="0% (0/2)">
									<conditions>
										<condition number="0" type="jump" coverage="0%"/>
									</conditions>
								</line>
								<line number="56" hits="0" branch="false"/>
								<line number="58" hits="0" branch="false"/>
							</lines>
						</method>
					</methods>
					<lines>
						<line number="14" hits="2" branch="false"/>
						<line number="16" hits="2" branch="false"/>
						<line number="20" hits="2" branch="false"/>
						<line number="21" hits="2" branch="false"/>
						<line number="25" hits="2" branch="false"/>
						<line number="30" hits="0" branch="false"/>
						<line number="35" hits="2" branch="false"/>
						<line number="41" hits="2" branch="false"/>
						<line number="45" hits="2" branch="false"/>
						<line number="50" hits="2" branch="false"/>
						<line number="55" hits="0" branch="true" condition-coverage="0% (0/2)">
							<conditions>
								<condition number="0" type="jump" coverage="0%"/>
							</conditions>
						</line>
						<line number="56" hits="0" branch="false"/>
						<line number="58" hits="0" branch="false"/>
						<line number="60" hits="2" branch="false"/>
					</lines>
				</class>
				<class name="cfa.vo.GroovyConsoleComponent$MenuItems" filename="cfa/vo/GroovyConsoleComponent.java" line-rate="0.8" branch-rate="1.0" complexity="1.2">
					<methods>
						<method name="&lt;init&gt;" signature="(Lcfa/vo/GroovyConsoleComponent;)V" line-rate="1.0" branch-rate="1.0">
							<lines>
								<line number="63" hits="2" branch="false"/>
								<line number="64" hits="2" branch="false"/>
								<line number="65" hits="2" branch="false"/>
								<line number="79" hits="2" branch="false"/>
							</lines>
						</method>
						<method name="access$000" signature="(Lcfa/vo/GroovyConsoleComponent$MenuItems;)Lgroovy/ui/Console;" line-rate="1.0" branch-rate="1.0">
							<lines>
							</lines>
						</method>
						<method name="access$002" signature="(Lcfa/vo/GroovyConsoleComponent$MenuItems;Lgroovy/ui/Console;)Lgroovy/ui/Console;" line-rate="0.0" branch-rate="1.0">
							<lines>
								<line number="60" hits="0" branch="false"/>
							</lines>
						</method>
					</methods>
					<lines>
						<line number="60" hits="0" branch="false"/>
						<line number="63" hits="2" branch="false"/>
						<line number="64" hits="2" branch="false"/>
						<line number="65" hits="2" branch="false"/>
						<line number="79" hits="2" branch="false"/>
					</lines>
				</class>
				<class name="cfa.vo.GroovyConsoleComponent$MenuItems$1" filename="cfa/vo/GroovyConsoleComponent.java" line-rate="0.16666666666666666" branch-rate="0.0" complexity="1.2">
					<methods>
						<method name="&lt;init&gt;" signature="(Lcfa/vo/GroovyConsoleComponent$MenuItems;Ljava/lang/String;Ljava/lang/String;Ljava/lang/String;Ljava/lang/String;Lcfa/vo/GroovyConsoleComponent;)V" line-rate="1.0" branch-rate="1.0">
							<lines>
								<line number="68" hits="2" branch="false"/>
							</lines>
						</method>
						<method name="onClick" signature="()V" line-rate="0.0" branch-rate="0.0">
							<lines>
								<line number="71" hits="0" branch="true" condition-coverage="0% (0/2)">
									<conditions>
										<condition number="0" type="jump" coverage="0%"/>
									</conditions>
								</line>
								<line number="72" hits="0" branch="false"/>
								<line number="73" hits="0" branch="false"/>
								<line number="74" hits="0" branch="false"/>
								<line number="77" hits="0" branch="false"/>
							</lines>
						</method>
					</methods>
					<lines>
						<line number="68" hits="2" branch="false"/>
						<line number="71" hits="0" branch="true" condition-coverage="0% (0/2)">
							<conditions>
								<condition number="0" type="jump" coverage="0%"/>
							</conditions>
						</line>
						<line number="72" hits="0" branch="false"/>
						<line number="73" hits="0" branch="false"/>
						<line number="74" hits="0" branch="false"/>
						<line number="77" hits="0" branch="false"/>
					</lines>
				</class>
			</classes>
		</package>
		<package name="cfa.vo.sandbox.gui" line-rate="0.9746835443037974" branch-rate="0.8333333333333334" complexity="1.1875">
			<classes>
				<class name="cfa.vo.sandbox.gui.JFreeDemoComponent" filename="cfa/vo/sandbox/gui/JFreeDemoComponent.java" line-rate="0.8461538461538461" branch-rate="1.0" complexity="1.1">
					<methods>
						<method name="&lt;init&gt;" signature="()V" line-rate="1.0" branch-rate="1.0">
							<lines>
								<line number="16" hits="2" branch="false"/>
								<line number="59" hits="2" branch="false"/>
							</lines>
						</method>
						<method name="access$100" signature="(Lcfa/vo/sandbox/gui/JFreeDemoComponent;)Lcfa/vo/iris/IWorkspace;" line-rate="1.0" branch-rate="1.0">
							<lines>
								<line number="13" hits="4" branch="false"/>
							</lines>
						</method>
						<method name="getCli" signature="()Lcfa/vo/iris/ICommandLineInterface;" line-rate="1.0" branch-rate="1.0">
							<lines>
								<line number="36" hits="2" branch="false"/>
							</lines>
						</method>
						<method name="getDescription" signature="()Ljava/lang/String;" line-rate="0.0" branch-rate="1.0">
							<lines>
								<line number="31" hits="0" branch="false"/>
							</lines>
						</method>
						<method name="getMenus" signature="()Ljava/util/List;" line-rate="1.0" branch-rate="1.0">
							<lines>
								<line number="46" hits="2" branch="false"/>
							</lines>
						</method>
						<method name="getName" signature="()Ljava/lang/String;" line-rate="1.0" branch-rate="1.0">
							<lines>
								<line number="26" hits="2" branch="false"/>
							</lines>
						</method>
						<method name="getSampHandlers" signature="()Ljava/util/List;" line-rate="1.0" branch-rate="1.0">
							<lines>
								<line number="51" hits="2" branch="false"/>
							</lines>
						</method>
						<method name="init" signature="(Lcfa/vo/iris/IrisApplication;Lcfa/vo/iris/IWorkspace;)V" line-rate="1.0" branch-rate="1.0">
							<lines>
								<line number="20" hits="2" branch="false"/>
								<line number="21" hits="2" branch="false"/>
								<line number="22" hits="2" branch="false"/>
							</lines>
						</method>
						<method name="initCli" signature="(Lcfa/vo/iris/IrisApplication;)V" line-rate="1.0" branch-rate="1.0">
							<lines>
								<line number="42" hits="2" branch="false"/>
							</lines>
						</method>
						<method name="shutdown" signature="()V" line-rate="0.0" branch-rate="1.0">
							<lines>
								<line number="57" hits="0" branch="false"/>
							</lines>
						</method>
					</methods>
					<lines>
						<line number="13" hits="4" branch="false"/>
						<line number="16" hits="2" branch="false"/>
						<line number="20" hits="2" branch="false"/>
						<line number="21" hits="2" branch="false"/>
						<line number="22" hits="2" branch="false"/>
						<line number="26" hits="2" branch="false"/>
						<line number="31" hits="0" branch="false"/>
						<line number="36" hits="2" branch="false"/>
						<line number="42" hits="2" branch="false"/>
						<line number="46" hits="2" branch="false"/>
						<line number="51" hits="2" branch="false"/>
						<line number="57" hits="0" branch="false"/>
						<line number="59" hits="2" branch="false"/>
					</lines>
				</class>
				<class name="cfa.vo.sandbox.gui.JFreeDemoComponent$MenuItems" filename="cfa/vo/sandbox/gui/JFreeDemoComponent.java" line-rate="1.0" branch-rate="1.0" complexity="1.1">
					<methods>
						<method name="&lt;init&gt;" signature="(Lcfa/vo/sandbox/gui/JFreeDemoComponent;)V" line-rate="1.0" branch-rate="1.0">
							<lines>
								<line number="62" hits="2" branch="false"/>
								<line number="63" hits="2" branch="false"/>
								<line number="64" hits="2" branch="false"/>
								<line number="74" hits="2" branch="false"/>
							</lines>
						</method>
						<method name="access$000" signature="(Lcfa/vo/sandbox/gui/JFreeDemoComponent$MenuItems;)Lcfa/vo/sandbox/gui/JFreeDemoView;" line-rate="1.0" branch-rate="1.0">
							<lines>
							</lines>
						</method>
						<method name="access$002" signature="(Lcfa/vo/sandbox/gui/JFreeDemoComponent$MenuItems;Lcfa/vo/sandbox/gui/JFreeDemoView;)Lcfa/vo/sandbox/gui/JFreeDemoView;" line-rate="1.0" branch-rate="1.0">
							<lines>
								<line number="59" hits="8" branch="false"/>
							</lines>
						</method>
					</methods>
					<lines>
						<line number="59" hits="8" branch="false"/>
						<line number="62" hits="2" branch="false"/>
						<line number="63" hits="2" branch="false"/>
						<line number="64" hits="2" branch="false"/>
						<line number="74" hits="2" branch="false"/>
					</lines>
				</class>
				<class name="cfa.vo.sandbox.gui.JFreeDemoComponent$MenuItems$1" filename="cfa/vo/sandbox/gui/JFreeDemoComponent.java" line-rate="1.0" branch-rate="0.5" complexity="1.1">
					<methods>
						<method name="&lt;init&gt;" signature="(Lcfa/vo/sandbox/gui/JFreeDemoComponent$MenuItems;Ljava/lang/String;Ljava/lang/String;Ljava/lang/String;Ljava/lang/String;Lcfa/vo/sandbox/gui/JFreeDemoComponent;)V" line-rate="1.0" branch-rate="1.0">
							<lines>
								<line number="64" hits="2" branch="false"/>
							</lines>
						</method>
						<method name="onClick" signature="()V" line-rate="1.0" branch-rate="0.5">
							<lines>
								<line number="67" hits="2" branch="true" condition-coverage="50% (1/2)">
									<conditions>
										<condition number="0" type="jump" coverage="50%"/>
									</conditions>
								</line>
								<line number="68" hits="2" branch="false"/>
								<line number="69" hits="2" branch="false"/>
								<line number="71" hits="2" branch="false"/>
								<line number="72" hits="2" branch="false"/>
							</lines>
						</method>
					</methods>
					<lines>
						<line number="64" hits="2" branch="false"/>
						<line number="67" hits="2" branch="true" condition-coverage="50% (1/2)">
							<conditions>
								<condition number="0" type="jump" coverage="50%"/>
							</conditions>
						</line>
						<line number="68" hits="2" branch="false"/>
						<line number="69" hits="2" branch="false"/>
						<line number="71" hits="2" branch="false"/>
						<line number="72" hits="2" branch="false"/>
					</lines>
				</class>
				<class name="cfa.vo.sandbox.gui.JFreeDemoView" filename="cfa/vo/sandbox/gui/JFreeDemoView.java" line-rate="1.0" branch-rate="1.0" complexity="1.3333333333333333">
					<methods>
						<method name="&lt;init&gt;" signature="(Ljava/lang/String;)V" line-rate="1.0" branch-rate="1.0">
							<lines>
								<line number="40" hits="2" branch="false"/>
								<line number="42" hits="2" branch="false"/>
								<line number="45" hits="2" branch="false"/>
								<line number="46" hits="2" branch="false"/>
								<line number="48" hits="2" branch="false"/>
								<line number="49" hits="2" branch="false"/>
								<line number="50" hits="2" branch="false"/>
								<line number="51" hits="2" branch="false"/>
								<line number="53" hits="2" branch="false"/>
								<line number="54" hits="2" branch="false"/>
								<line number="55" hits="2" branch="false"/>
								<line number="56" hits="2" branch="false"/>
								<line number="57" hits="2" branch="false"/>
								<line number="58" hits="2" branch="false"/>
								<line number="59" hits="2" branch="false"/>
								<line number="60" hits="2" branch="false"/>
							</lines>
						</method>
						<method name="createChart" signature="()Lorg/jfree/chart/JFreeChart;" line-rate="1.0" branch-rate="1.0">
							<lines>
								<line number="63" hits="2" branch="false"/>
								<line number="64" hits="2" branch="false"/>
								<line number="66" hits="2" branch="false"/>
								<line number="67" hits="2" branch="false"/>
								<line number="68" hits="2" branch="false"/>
								<line number="70" hits="2" branch="false"/>
								<line number="71" hits="2" branch="false"/>
								<line number="72" hits="2" branch="false"/>
								<line number="73" hits="2" branch="false"/>
								<line number="75" hits="2" branch="false"/>
								<line number="76" hits="2" branch="false"/>
								<line number="77" hits="2" branch="false"/>
								<line number="79" hits="2" branch="false"/>
							</lines>
						</method>
						<method name="getPlotData" signature="()Lorg/jfree/data/xy/XYDataset;" line-rate="1.0" branch-rate="1.0">
							<lines>
								<line number="128" hits="2" branch="false"/>
								<line number="129" hits="2" branch="false"/>
								<line number="130" hits="2004" branch="true" condition-coverage="100% (2/2)">
									<conditions>
										<condition number="0" type="jump" coverage="100%"/>
									</conditions>
								</line>
								<line number="131" hits="2002" branch="false"/>
								<line number="133" hits="2" branch="false"/>
								<line number="134" hits="2" branch="false"/>
							</lines>
						</method>
						<method name="getPointData" signature="()Lorg/jfree/data/xy/XYDataset;" line-rate="1.0" branch-rate="1.0">
							<lines>
								<line number="101" hits="2" branch="false"/>
								<line number="102" hits="2000002" branch="true" condition-coverage="100% (2/2)">
									<conditions>
										<condition number="0" type="jump" coverage="100%"/>
									</conditions>
								</line>
								<line number="103" hits="2000000" branch="false"/>
								<line number="104" hits="2000000" branch="false"/>
								<line number="105" hits="2000000" branch="false"/>
								<line number="108" hits="2" branch="false"/>
								<line number="109" hits="2" branch="false"/>
								<line number="111" hits="2" branch="false"/>
							</lines>
						</method>
						<method name="setLinePlot" signature="()V" line-rate="1.0" branch-rate="1.0">
							<lines>
								<line number="118" hits="2" branch="false"/>
								<line number="120" hits="2" branch="false"/>
								<line number="123" hits="2" branch="false"/>
								<line number="124" hits="2" branch="false"/>
								<line number="125" hits="2" branch="false"/>
							</lines>
						</method>
						<method name="setScatterPlot" signature="()V" line-rate="1.0" branch-rate="1.0">
							<lines>
								<line number="87" hits="2" branch="false"/>
								<line number="91" hits="2" branch="false"/>
								<line number="92" hits="2" branch="false"/>
								<line number="93" hits="2" branch="false"/>
								<line number="96" hits="2" branch="false"/>
								<line number="97" hits="2" branch="false"/>
								<line number="98" hits="2" branch="false"/>
							</lines>
						</method>
					</methods>
					<lines>
						<line number="40" hits="2" branch="false"/>
						<line number="42" hits="2" branch="false"/>
						<line number="45" hits="2" branch="false"/>
						<line number="46" hits="2" branch="false"/>
						<line number="48" hits="2" branch="false"/>
						<line number="49" hits="2" branch="false"/>
						<line number="50" hits="2" branch="false"/>
						<line number="51" hits="2" branch="false"/>
						<line number="53" hits="2" branch="false"/>
						<line number="54" hits="2" branch="false"/>
						<line number="55" hits="2" branch="false"/>
						<line number="56" hits="2" branch="false"/>
						<line number="57" hits="2" branch="false"/>
						<line number="58" hits="2" branch="false"/>
						<line number="59" hits="2" branch="false"/>
						<line number="60" hits="2" branch="false"/>
						<line number="63" hits="2" branch="false"/>
						<line number="64" hits="2" branch="false"/>
						<line number="66" hits="2" branch="false"/>
						<line number="67" hits="2" branch="false"/>
						<line number="68" hits="2" branch="false"/>
						<line number="70" hits="2" branch="false"/>
						<line number="71" hits="2" branch="false"/>
						<line number="72" hits="2" branch="false"/>
						<line number="73" hits="2" branch="false"/>
						<line number="75" hits="2" branch="false"/>
						<line number="76" hits="2" branch="false"/>
						<line number="77" hits="2" branch="false"/>
						<line number="79" hits="2" branch="false"/>
						<line number="87" hits="2" branch="false"/>
						<line number="91" hits="2" branch="false"/>
						<line number="92" hits="2" branch="false"/>
						<line number="93" hits="2" branch="false"/>
						<line number="96" hits="2" branch="false"/>
						<line number="97" hits="2" branch="false"/>
						<line number="98" hits="2" branch="false"/>
						<line number="101" hits="2" branch="false"/>
						<line number="102" hits="2000002" branch="true" condition-coverage="100% (2/2)">
							<conditions>
								<condition number="0" type="jump" coverage="100%"/>
							</conditions>
						</line>
						<line number="103" hits="2000000" branch="false"/>
						<line number="104" hits="2000000" branch="false"/>
						<line number="105" hits="2000000" branch="false"/>
						<line number="108" hits="2" branch="false"/>
						<line number="109" hits="2" branch="false"/>
						<line number="111" hits="2" branch="false"/>
						<line number="118" hits="2" branch="false"/>
						<line number="120" hits="2" branch="false"/>
						<line number="123" hits="2" branch="false"/>
						<line number="124" hits="2" branch="false"/>
						<line number="125" hits="2" branch="false"/>
						<line number="128" hits="2" branch="false"/>
						<line number="129" hits="2" branch="false"/>
						<line number="130" hits="2004" branch="true" condition-coverage="100% (2/2)">
							<conditions>
								<condition number="0" type="jump" coverage="100%"/>
							</conditions>
						</line>
						<line number="131" hits="2002" branch="false"/>
						<line number="133" hits="2" branch="false"/>
						<line number="134" hits="2" branch="false"/>
					</lines>
				</class>
			</classes>
		</package>
	</packages>
</coverage>
